# JRE version: Java(TM) SE Runtime Environment (8.0_162-b12) (build 1.8.0_162-b12)
# Java VM: Java HotSpot(TM) 64-Bit Server VM (25.162-b12 mixed mode windows-amd64 compressed oops)
Heap:
 PSYoungGen      total 71680K, used 1969K [0x00000000d5e00000, 0x00000000da900000, 0x0000000100000000)
  eden space 66560K, 2% used [0x00000000d5e00000,0x00000000d5fec478,0x00000000d9f00000)
  from space 5120K, 0% used [0x00000000da400000,0x00000000da400000,0x00000000da900000)
  to   space 5120K, 0% used [0x00000000d9f00000,0x00000000d9f00000,0x00000000da400000)
 ParOldGen       total 56832K, used 5849K [0x0000000081a00000, 0x0000000085180000, 0x00000000d5e00000)
  object space 56832K, 10% used [0x0000000081a00000,0x0000000081fb67d0,0x0000000085180000)
 Metaspace       used 21838K, capacity 22080K, committed 22576K, reserved 1069056K
  class space    used 2728K, capacity 2818K, committed 2944K, reserved 1048576K
GC Heap History (9 events):
Event: 0.264 GC heap before
{Heap before GC invocations=1 (full 0):
 PSYoungGen      total 38400K, used 33280K [0x00000000d5e00000, 0x00000000d8880000, 0x0000000100000000)
  eden space 33280K, 100% used [0x00000000d5e00000,0x00000000d7e80000,0x00000000d7e80000)
  from space 5120K, 0% used [0x00000000d8380000,0x00000000d8380000,0x00000000d8880000)
  to   space 5120K, 0% used [0x00000000d7e80000,0x00000000d7e80000,0x00000000d8380000)
 ParOldGen       total 87552K, used 0K [0x0000000081a00000, 0x0000000086f80000, 0x00000000d5e00000)
  object space 87552K, 0% used [0x0000000081a00000,0x0000000081a00000,0x0000000086f80000)
 Metaspace       used 5538K, capacity 5724K, committed 5760K, reserved 1056768K
  class space    used 610K, capacity 628K, committed 640K, reserved 1048576K
Event: 0.266 GC heap after
Heap after GC invocations=1 (full 0):
 PSYoungGen      total 38400K, used 2849K [0x00000000d5e00000, 0x00000000d8880000, 0x0000000100000000)
  eden space 33280K, 0% used [0x00000000d5e00000,0x00000000d5e00000,0x00000000d7e80000)
  from space 5120K, 55% used [0x00000000d7e80000,0x00000000d8148630,0x00000000d8380000)
  to   space 5120K, 0% used [0x00000000d8380000,0x00000000d8380000,0x00000000d8880000)
 ParOldGen       total 87552K, used 8K [0x0000000081a00000, 0x0000000086f80000, 0x00000000d5e00000)
  object space 87552K, 0% used [0x0000000081a00000,0x0000000081a02000,0x0000000086f80000)
 Metaspace       used 5538K, capacity 5724K, committed 5760K, reserved 1056768K
  class space    used 610K, capacity 628K, committed 640K, reserved 1048576K
}
Event: 0.780 GC heap before
{Heap before GC invocations=2 (full 0):
 PSYoungGen      total 38400K, used 36129K [0x00000000d5e00000, 0x00000000d8880000, 0x0000000100000000)
  eden space 33280K, 100% used [0x00000000d5e00000,0x00000000d7e80000,0x00000000d7e80000)
  from space 5120K, 55% used [0x00000000d7e80000,0x00000000d8148630,0x00000000d8380000)
  to   space 5120K, 0% used [0x00000000d8380000,0x00000000d8380000,0x00000000d8880000)
 ParOldGen       total 87552K, used 8K [0x0000000081a00000, 0x0000000086f80000, 0x00000000d5e00000)
  object space 87552K, 0% used [0x0000000081a00000,0x0000000081a02000,0x0000000086f80000)
 Metaspace       used 13642K, capacity 13826K, committed 14080K, reserved 1060864K
  class space    used 1707K, capacity 1749K, committed 1792K, reserved 1048576K
Event: 0.786 GC heap after
Heap after GC invocations=2 (full 0):
 PSYoungGen      total 38400K, used 5111K [0x00000000d5e00000, 0x00000000da900000, 0x0000000100000000)
  eden space 33280K, 0% used [0x00000000d5e00000,0x00000000d5e00000,0x00000000d7e80000)
  from space 5120K, 99% used [0x00000000d8380000,0x00000000d887dda8,0x00000000d8880000)
  to   space 5120K, 0% used [0x00000000d7e80000,0x00000000d7e80000,0x00000000d8380000)
 ParOldGen       total 87552K, used 2604K [0x0000000081a00000, 0x0000000086f80000, 0x00000000d5e00000)
  object space 87552K, 2% used [0x0000000081a00000,0x0000000081c8b1a0,0x0000000086f80000)
 Metaspace       used 13642K, capacity 13826K, committed 14080K, reserved 1060864K
  class space    used 1707K, capacity 1749K, committed 1792K, reserved 1048576K
}
Event: 1.338 GC heap before
{Heap before GC invocations=3 (full 0):
 PSYoungGen      total 38400K, used 38391K [0x00000000d5e00000, 0x00000000da900000, 0x0000000100000000)
  eden space 33280K, 100% used [0x00000000d5e00000,0x00000000d7e80000,0x00000000d7e80000)
  from space 5120K, 99% used [0x00000000d8380000,0x00000000d887dda8,0x00000000d8880000)
  to   space 5120K, 0% used [0x00000000d7e80000,0x00000000d7e80000,0x00000000d8380000)
 ParOldGen       total 87552K, used 2604K [0x0000000081a00000, 0x0000000086f80000, 0x00000000d5e00000)
  object space 87552K, 2% used [0x0000000081a00000,0x0000000081c8b1a0,0x0000000086f80000)
 Metaspace       used 19281K, capacity 19558K, committed 19712K, reserved 1067008K
  class space    used 2404K, capacity 2485K, committed 2560K, reserved 1048576K
Event: 1.344 GC heap after
Heap after GC invocations=3 (full 0):
 PSYoungGen      total 38400K, used 5115K [0x00000000d5e00000, 0x00000000da900000, 0x0000000100000000)
  eden space 33280K, 0% used [0x00000000d5e00000,0x00000000d5e00000,0x00000000d7e80000)
  from space 5120K, 99% used [0x00000000d7e80000,0x00000000d837eca0,0x00000000d8380000)
  to   space 5120K, 0% used [0x00000000da400000,0x00000000da400000,0x00000000da900000)
 ParOldGen       total 87552K, used 5880K [0x0000000081a00000, 0x0000000086f80000, 0x00000000d5e00000)
  object space 87552K, 6% used [0x0000000081a00000,0x0000000081fbe218,0x0000000086f80000)
 Metaspace       used 19281K, capacity 19558K, committed 19712K, reserved 1067008K
  class space    used 2404K, capacity 2485K, committed 2560K, reserved 1048576K
}
Event: 1.430 GC heap before
{Heap before GC invocations=4 (full 0):
 PSYoungGen      total 38400K, used 12285K [0x00000000d5e00000, 0x00000000da900000, 0x0000000100000000)
  eden space 33280K, 21% used [0x00000000d5e00000,0x00000000d6500990,0x00000000d7e80000)
  from space 5120K, 99% used [0x00000000d7e80000,0x00000000d837eca0,0x00000000d8380000)
  to   space 5120K, 0% used [0x00000000da400000,0x00000000da400000,0x00000000da900000)
 ParOldGen       total 87552K, used 5880K [0x0000000081a00000, 0x0000000086f80000, 0x00000000d5e00000)
  object space 87552K, 6% used [0x0000000081a00000,0x0000000081fbe218,0x0000000086f80000)
 Metaspace       used 20900K, capacity 21112K, committed 21296K, reserved 1069056K
  class space    used 2617K, capacity 2686K, committed 2688K, reserved 1048576K
Event: 1.435 GC heap after
Heap after GC invocations=4 (full 0):
 PSYoungGen      total 71680K, used 5099K [0x00000000d5e00000, 0x00000000da900000, 0x0000000100000000)
  eden space 66560K, 0% used [0x00000000d5e00000,0x00000000d5e00000,0x00000000d9f00000)
  from space 5120K, 99% used [0x00000000da400000,0x00000000da8fac90,0x00000000da900000)
  to   space 5120K, 0% used [0x00000000d9f00000,0x00000000d9f00000,0x00000000da400000)
 ParOldGen       total 87552K, used 6647K [0x0000000081a00000, 0x0000000086f80000, 0x00000000d5e00000)
  object space 87552K, 7% used [0x0000000081a00000,0x000000008207dc50,0x0000000086f80000)
 Metaspace       used 20900K, capacity 21112K, committed 21296K, reserved 1069056K
  class space    used 2617K, capacity 2686K, committed 2688K, reserved 1048576K
}
Event: 1.435 GC heap before
{Heap before GC invocations=5 (full 1):
 PSYoungGen      total 71680K, used 5099K [0x00000000d5e00000, 0x00000000da900000, 0x0000000100000000)
  eden space 66560K, 0% used [0x00000000d5e00000,0x00000000d5e00000,0x00000000d9f00000)
  from space 5120K, 99% used [0x00000000da400000,0x00000000da8fac90,0x00000000da900000)
  to   space 5120K, 0% used [0x00000000d9f00000,0x00000000d9f00000,0x00000000da400000)
 ParOldGen       total 87552K, used 6647K [0x0000000081a00000, 0x0000000086f80000, 0x00000000d5e00000)
  object space 87552K, 7% used [0x0000000081a00000,0x000000008207dc50,0x0000000086f80000)
 Metaspace       used 20900K, capacity 21112K, committed 21296K, reserved 1069056K
  class space    used 2617K, capacity 2686K, committed 2688K, reserved 1048576K

