# JRE version: Java(TM) SE Runtime Environment (8.0_162-b12) (build 1.8.0_162-b12)
# Java VM: Java HotSpot(TM) 64-Bit Server VM (25.162-b12 mixed mode windows-amd64 compressed oops)
Heap:
 PSYoungGen      total 38400K, used 15990K [0x00000000d5e00000, 0x00000000da800000, 0x0000000100000000)
  eden space 33280K, 35% used [0x00000000d5e00000,0x00000000d698e038,0x00000000d7e80000)
  from space 5120K, 81% used [0x00000000d7e80000,0x00000000d828f958,0x00000000d8380000)
  to   space 9728K, 0% used [0x00000000d9e80000,0x00000000d9e80000,0x00000000da800000)
 ParOldGen       total 53248K, used 18906K [0x0000000081a00000, 0x0000000084e00000, 0x00000000d5e00000)
  object space 53248K, 35% used [0x0000000081a00000,0x0000000082c76bc8,0x0000000084e00000)
 Metaspace       used 30226K, capacity 30650K, committed 30976K, reserved 1077248K
  class space    used 3903K, capacity 4004K, committed 4096K, reserved 1048576K
GC Heap History (10 events):
Event: 5.146 GC heap before
{Heap before GC invocations=2 (full 0):
 PSYoungGen      total 38400K, used 37636K [0x00000000d5e00000, 0x00000000d8880000, 0x0000000100000000)
  eden space 33280K, 100% used [0x00000000d5e00000,0x00000000d7e80000,0x00000000d7e80000)
  from space 5120K, 85% used [0x00000000d7e80000,0x00000000d82c1128,0x00000000d8380000)
  to   space 5120K, 0% used [0x00000000d8380000,0x00000000d8380000,0x00000000d8880000)
 ParOldGen       total 87552K, used 16K [0x0000000081a00000, 0x0000000086f80000, 0x00000000d5e00000)
  object space 87552K, 0% used [0x0000000081a00000,0x0000000081a04000,0x0000000086f80000)
 Metaspace       used 18185K, capacity 18448K, committed 18560K, reserved 1064960K
  class space    used 2295K, capacity 2352K, committed 2432K, reserved 1048576K
Event: 5.152 GC heap after
Heap after GC invocations=2 (full 0):
 PSYoungGen      total 38400K, used 5101K [0x00000000d5e00000, 0x00000000d8880000, 0x0000000100000000)
  eden space 33280K, 0% used [0x00000000d5e00000,0x00000000d5e00000,0x00000000d7e80000)
  from space 5120K, 99% used [0x00000000d8380000,0x00000000d887b548,0x00000000d8880000)
  to   space 5120K, 0% used [0x00000000d7e80000,0x00000000d7e80000,0x00000000d8380000)
 ParOldGen       total 87552K, used 3588K [0x0000000081a00000, 0x0000000086f80000, 0x00000000d5e00000)
  object space 87552K, 4% used [0x0000000081a00000,0x0000000081d81138,0x0000000086f80000)
 Metaspace       used 18185K, capacity 18448K, committed 18560K, reserved 1064960K
  class space    used 2295K, capacity 2352K, committed 2432K, reserved 1048576K
}
Event: 5.368 GC heap before
{Heap before GC invocations=3 (full 0):
 PSYoungGen      total 38400K, used 20396K [0x00000000d5e00000, 0x00000000d8880000, 0x0000000100000000)
  eden space 33280K, 45% used [0x00000000d5e00000,0x00000000d6cefbd0,0x00000000d7e80000)
  from space 5120K, 99% used [0x00000000d8380000,0x00000000d887b548,0x00000000d8880000)
  to   space 5120K, 0% used [0x00000000d7e80000,0x00000000d7e80000,0x00000000d8380000)
 ParOldGen       total 87552K, used 3588K [0x0000000081a00000, 0x0000000086f80000, 0x00000000d5e00000)
  object space 87552K, 4% used [0x0000000081a00000,0x0000000081d81138,0x0000000086f80000)
 Metaspace       used 20937K, capacity 21136K, committed 21248K, reserved 1067008K
  class space    used 2660K, capacity 2736K, committed 2816K, reserved 1048576K
Event: 5.376 GC heap after
Heap after GC invocations=3 (full 0):
 PSYoungGen      total 38400K, used 5118K [0x00000000d5e00000, 0x00000000d8880000, 0x0000000100000000)
  eden space 33280K, 0% used [0x00000000d5e00000,0x00000000d5e00000,0x00000000d7e80000)
  from space 5120K, 99% used [0x00000000d7e80000,0x00000000d837f978,0x00000000d8380000)
  to   space 5120K, 0% used [0x00000000d8380000,0x00000000d8380000,0x00000000d8880000)
 ParOldGen       total 87552K, used 5858K [0x0000000081a00000, 0x0000000086f80000, 0x00000000d5e00000)
  object space 87552K, 6% used [0x0000000081a00000,0x0000000081fb88b0,0x0000000086f80000)
 Metaspace       used 20937K, capacity 21136K, committed 21248K, reserved 1067008K
  class space    used 2660K, capacity 2736K, committed 2816K, reserved 1048576K
}
Event: 5.376 GC heap before
{Heap before GC invocations=4 (full 1):
 PSYoungGen      total 38400K, used 5118K [0x00000000d5e00000, 0x00000000d8880000, 0x0000000100000000)
  eden space 33280K, 0% used [0x00000000d5e00000,0x00000000d5e00000,0x00000000d7e80000)
  from space 5120K, 99% used [0x00000000d7e80000,0x00000000d837f978,0x00000000d8380000)
  to   space 5120K, 0% used [0x00000000d8380000,0x00000000d8380000,0x00000000d8880000)
 ParOldGen       total 87552K, used 5858K [0x0000000081a00000, 0x0000000086f80000, 0x00000000d5e00000)
  object space 87552K, 6% used [0x0000000081a00000,0x0000000081fb88b0,0x0000000086f80000)
 Metaspace       used 20937K, capacity 21136K, committed 21248K, reserved 1067008K
  class space    used 2660K, capacity 2736K, committed 2816K, reserved 1048576K
Event: 5.405 GC heap after
Heap after GC invocations=4 (full 1):
 PSYoungGen      total 38400K, used 0K [0x00000000d5e00000, 0x00000000d8880000, 0x0000000100000000)
  eden space 33280K, 0% used [0x00000000d5e00000,0x00000000d5e00000,0x00000000d7e80000)
  from space 5120K, 0% used [0x00000000d7e80000,0x00000000d7e80000,0x00000000d8380000)
  to   space 5120K, 0% used [0x00000000d8380000,0x00000000d8380000,0x00000000d8880000)
 ParOldGen       total 53248K, used 7605K [0x0000000081a00000, 0x0000000084e00000, 0x00000000d5e00000)
  object space 53248K, 14% used [0x0000000081a00000,0x000000008216d590,0x0000000084e00000)
 Metaspace       used 20937K, capacity 21136K, committed 21248K, reserved 1067008K
  class space    used 2660K, capacity 2736K, committed 2816K, reserved 1048576K
}
Event: 5.906 GC heap before
{Heap before GC invocations=5 (full 1):
 PSYoungGen      total 38400K, used 33280K [0x00000000d5e00000, 0x00000000d8880000, 0x0000000100000000)
  eden space 33280K, 100% used [0x00000000d5e00000,0x00000000d7e80000,0x00000000d7e80000)
  from space 5120K, 0% used [0x00000000d7e80000,0x00000000d7e80000,0x00000000d8380000)
  to   space 5120K, 0% used [0x00000000d8380000,0x00000000d8380000,0x00000000d8880000)
 ParOldGen       total 53248K, used 7605K [0x0000000081a00000, 0x0000000084e00000, 0x00000000d5e00000)
  object space 53248K, 14% used [0x0000000081a00000,0x000000008216d590,0x0000000084e00000)
 Metaspace       used 25602K, capacity 25814K, committed 26112K, reserved 1073152K
  class space    used 3244K, capacity 3313K, committed 3328K, reserved 1048576K
Event: 5.910 GC heap after
Heap after GC invocations=5 (full 1):
 PSYoungGen      total 38400K, used 4719K [0x00000000d5e00000, 0x00000000da080000, 0x0000000100000000)
  eden space 33280K, 0% used [0x00000000d5e00000,0x00000000d5e00000,0x00000000d7e80000)
  from space 5120K, 92% used [0x00000000d8380000,0x00000000d881be98,0x00000000d8880000)
  to   space 5120K, 0% used [0x00000000d7e80000,0x00000000d7e80000,0x00000000d8380000)
 ParOldGen       total 53248K, used 7613K [0x0000000081a00000, 0x0000000084e00000, 0x00000000d5e00000)
  object space 53248K, 14% used [0x0000000081a00000,0x000000008216f590,0x0000000084e00000)
 Metaspace       used 25602K, capacity 25814K, committed 26112K, reserved 1073152K
  class space    used 3244K, capacity 3313K, committed 3328K, reserved 1048576K
}
Event: 10.411 GC heap before
{Heap before GC invocations=6 (full 1):
 PSYoungGen      total 38400K, used 37999K [0x00000000d5e00000, 0x00000000da080000, 0x0000000100000000)
  eden space 33280K, 100% used [0x00000000d5e00000,0x00000000d7e80000,0x00000000d7e80000)
  from space 5120K, 92% used [0x00000000d8380000,0x00000000d881be98,0x00000000d8880000)
  to   space 5120K, 0% used [0x00000000d7e80000,0x00000000d7e80000,0x00000000d8380000)
 ParOldGen       total 53248K, used 7613K [0x0000000081a00000, 0x0000000084e00000, 0x00000000d5e00000)
  object space 53248K, 14% used [0x0000000081a00000,0x000000008216f590,0x0000000084e00000)
 Metaspace       used 29361K, capacity 29748K, committed 30080K, reserved 1075200K
  class space    used 3782K, capacity 3874K, committed 3968K, reserved 1048576K
Event: 10.419 GC heap after
Heap after GC invocations=6 (full 1):
 PSYoungGen      total 38400K, used 4158K [0x00000000d5e00000, 0x00000000da800000, 0x0000000100000000)
  eden space 33280K, 0% used [0x00000000d5e00000,0x00000000d5e00000,0x00000000d7e80000)
  from space 5120K, 81% used [0x00000000d7e80000,0x00000000d828f958,0x00000000d8380000)
  to   space 9728K, 0% used [0x00000000d9e80000,0x00000000d9e80000,0x00000000da800000)
 ParOldGen       total 53248K, used 18906K [0x0000000081a00000, 0x0000000084e00000, 0x00000000d5e00000)
  object space 53248K, 35% used [0x0000000081a00000,0x0000000082c76bc8,0x0000000084e00000)
 Metaspace       used 29361K, capacity 29748K, committed 30080K, reserved 1075200K
  class space    used 3782K, capacity 3874K, committed 3968K, reserved 1048576K
}

