# JRE version: Java(TM) SE Runtime Environment (8.0_162-b12) (build 1.8.0_162-b12)
# Java VM: Java HotSpot(TM) 64-Bit Server VM (25.162-b12 mixed mode windows-amd64 compressed oops)
Heap:
 PSYoungGen      total 38400K, used 38385K [0x00000000d5e00000, 0x00000000d9f00000, 0x0000000100000000)
  eden space 33280K, 100% used [0x00000000d5e00000,0x00000000d7e80000,0x00000000d7e80000)
  from space 5120K, 99% used [0x00000000d7e80000,0x00000000d837c768,0x00000000d8380000)
  to   space 5120K, 0% used [0x00000000d8380000,0x00000000d8380000,0x00000000d8880000)
 ParOldGen       total 54272K, used 17748K [0x0000000081a00000, 0x0000000084f00000, 0x00000000d5e00000)
  object space 54272K, 32% used [0x0000000081a00000,0x0000000082b553e8,0x0000000084f00000)
 Metaspace       used 32285K, capacity 32666K, committed 33024K, reserved 1077248K
  class space    used 4126K, capacity 4228K, committed 4352K, reserved 1048576K
GC Heap History (10 events):
Event: 6.893 GC heap before
{Heap before GC invocations=2 (full 0):
 PSYoungGen      total 38400K, used 38382K [0x00000000d5e00000, 0x00000000d8880000, 0x0000000100000000)
  eden space 33280K, 100% used [0x00000000d5e00000,0x00000000d7e80000,0x00000000d7e80000)
  from space 5120K, 99% used [0x00000000d7e80000,0x00000000d837bb28,0x00000000d8380000)
  to   space 5120K, 0% used [0x00000000d8380000,0x00000000d8380000,0x00000000d8880000)
 ParOldGen       total 87552K, used 531K [0x0000000081a00000, 0x0000000086f80000, 0x00000000d5e00000)
  object space 87552K, 0% used [0x0000000081a00000,0x0000000081a84cb0,0x0000000086f80000)
 Metaspace       used 18220K, capacity 18448K, committed 18560K, reserved 1064960K
  class space    used 2302K, capacity 2352K, committed 2432K, reserved 1048576K
Event: 6.899 GC heap after
Heap after GC invocations=2 (full 0):
 PSYoungGen      total 38400K, used 5118K [0x00000000d5e00000, 0x00000000d8880000, 0x0000000100000000)
  eden space 33280K, 0% used [0x00000000d5e00000,0x00000000d5e00000,0x00000000d7e80000)
  from space 5120K, 99% used [0x00000000d8380000,0x00000000d887f928,0x00000000d8880000)
  to   space 5120K, 0% used [0x00000000d7e80000,0x00000000d7e80000,0x00000000d8380000)
 ParOldGen       total 87552K, used 3950K [0x0000000081a00000, 0x0000000086f80000, 0x00000000d5e00000)
  object space 87552K, 4% used [0x0000000081a00000,0x0000000081ddb928,0x0000000086f80000)
 Metaspace       used 18220K, capacity 18448K, committed 18560K, reserved 1064960K
  class space    used 2302K, capacity 2352K, committed 2432K, reserved 1048576K
}
Event: 7.208 GC heap before
{Heap before GC invocations=3 (full 0):
 PSYoungGen      total 38400K, used 19999K [0x00000000d5e00000, 0x00000000d8880000, 0x0000000100000000)
  eden space 33280K, 44% used [0x00000000d5e00000,0x00000000d6c882e8,0x00000000d7e80000)
  from space 5120K, 99% used [0x00000000d8380000,0x00000000d887f928,0x00000000d8880000)
  to   space 5120K, 0% used [0x00000000d7e80000,0x00000000d7e80000,0x00000000d8380000)
 ParOldGen       total 87552K, used 3950K [0x0000000081a00000, 0x0000000086f80000, 0x00000000d5e00000)
  object space 87552K, 4% used [0x0000000081a00000,0x0000000081ddb928,0x0000000086f80000)
 Metaspace       used 20943K, capacity 21136K, committed 21248K, reserved 1067008K
  class space    used 2666K, capacity 2736K, committed 2816K, reserved 1048576K
Event: 7.214 GC heap after
Heap after GC invocations=3 (full 0):
 PSYoungGen      total 38400K, used 5102K [0x00000000d5e00000, 0x00000000d8880000, 0x0000000100000000)
  eden space 33280K, 0% used [0x00000000d5e00000,0x00000000d5e00000,0x00000000d7e80000)
  from space 5120K, 99% used [0x00000000d7e80000,0x00000000d837b958,0x00000000d8380000)
  to   space 5120K, 0% used [0x00000000d8380000,0x00000000d8380000,0x00000000d8880000)
 ParOldGen       total 87552K, used 6207K [0x0000000081a00000, 0x0000000086f80000, 0x00000000d5e00000)
  object space 87552K, 7% used [0x0000000081a00000,0x000000008200fc70,0x0000000086f80000)
 Metaspace       used 20943K, capacity 21136K, committed 21248K, reserved 1067008K
  class space    used 2666K, capacity 2736K, committed 2816K, reserved 1048576K
}
Event: 7.214 GC heap before
{Heap before GC invocations=4 (full 1):
 PSYoungGen      total 38400K, used 5102K [0x00000000d5e00000, 0x00000000d8880000, 0x0000000100000000)
  eden space 33280K, 0% used [0x00000000d5e00000,0x00000000d5e00000,0x00000000d7e80000)
  from space 5120K, 99% used [0x00000000d7e80000,0x00000000d837b958,0x00000000d8380000)
  to   space 5120K, 0% used [0x00000000d8380000,0x00000000d8380000,0x00000000d8880000)
 ParOldGen       total 87552K, used 6207K [0x0000000081a00000, 0x0000000086f80000, 0x00000000d5e00000)
  object space 87552K, 7% used [0x0000000081a00000,0x000000008200fc70,0x0000000086f80000)
 Metaspace       used 20943K, capacity 21136K, committed 21248K, reserved 1067008K
  class space    used 2666K, capacity 2736K, committed 2816K, reserved 1048576K
Event: 7.245 GC heap after
Heap after GC invocations=4 (full 1):
 PSYoungGen      total 38400K, used 0K [0x00000000d5e00000, 0x00000000d8880000, 0x0000000100000000)
  eden space 33280K, 0% used [0x00000000d5e00000,0x00000000d5e00000,0x00000000d7e80000)
  from space 5120K, 0% used [0x00000000d7e80000,0x00000000d7e80000,0x00000000d8380000)
  to   space 5120K, 0% used [0x00000000d8380000,0x00000000d8380000,0x00000000d8880000)
 ParOldGen       total 54272K, used 7550K [0x0000000081a00000, 0x0000000084f00000, 0x00000000d5e00000)
  object space 54272K, 13% used [0x0000000081a00000,0x000000008215fb20,0x0000000084f00000)
 Metaspace       used 20943K, capacity 21136K, committed 21248K, reserved 1067008K
  class space    used 2666K, capacity 2736K, committed 2816K, reserved 1048576K
}
Event: 8.054 GC heap before
{Heap before GC invocations=5 (full 1):
 PSYoungGen      total 38400K, used 33280K [0x00000000d5e00000, 0x00000000d8880000, 0x0000000100000000)
  eden space 33280K, 100% used [0x00000000d5e00000,0x00000000d7e80000,0x00000000d7e80000)
  from space 5120K, 0% used [0x00000000d7e80000,0x00000000d7e80000,0x00000000d8380000)
  to   space 5120K, 0% used [0x00000000d8380000,0x00000000d8380000,0x00000000d8880000)
 ParOldGen       total 54272K, used 7550K [0x0000000081a00000, 0x0000000084f00000, 0x00000000d5e00000)
  object space 54272K, 13% used [0x0000000081a00000,0x000000008215fb20,0x0000000084f00000)
 Metaspace       used 25575K, capacity 25846K, committed 26240K, reserved 1073152K
  class space    used 3249K, capacity 3345K, committed 3456K, reserved 1048576K
Event: 8.057 GC heap after
Heap after GC invocations=5 (full 1):
 PSYoungGen      total 38400K, used 4627K [0x00000000d5e00000, 0x00000000d9f00000, 0x0000000100000000)
  eden space 33280K, 0% used [0x00000000d5e00000,0x00000000d5e00000,0x00000000d7e80000)
  from space 5120K, 90% used [0x00000000d8380000,0x00000000d8804ed0,0x00000000d8880000)
  to   space 5120K, 0% used [0x00000000d7e80000,0x00000000d7e80000,0x00000000d8380000)
 ParOldGen       total 54272K, used 7558K [0x0000000081a00000, 0x0000000084f00000, 0x00000000d5e00000)
  object space 54272K, 13% used [0x0000000081a00000,0x0000000082161b20,0x0000000084f00000)
 Metaspace       used 25575K, capacity 25846K, committed 26240K, reserved 1073152K
  class space    used 3249K, capacity 3345K, committed 3456K, reserved 1048576K
}
Event: 13.432 GC heap before
{Heap before GC invocations=6 (full 1):
 PSYoungGen      total 38400K, used 37907K [0x00000000d5e00000, 0x00000000d9f00000, 0x0000000100000000)
  eden space 33280K, 100% used [0x00000000d5e00000,0x00000000d7e80000,0x00000000d7e80000)
  from space 5120K, 90% used [0x00000000d8380000,0x00000000d8804ed0,0x00000000d8880000)
  to   space 5120K, 0% used [0x00000000d7e80000,0x00000000d7e80000,0x00000000d8380000)
 ParOldGen       total 54272K, used 7558K [0x0000000081a00000, 0x0000000084f00000, 0x00000000d5e00000)
  object space 54272K, 13% used [0x0000000081a00000,0x0000000082161b20,0x0000000084f00000)
 Metaspace       used 29429K, capacity 29748K, committed 30080K, reserved 1075200K
  class space    used 3791K, capacity 3874K, committed 3968K, reserved 1048576K
Event: 13.439 GC heap after
Heap after GC invocations=6 (full 1):
 PSYoungGen      total 38400K, used 5105K [0x00000000d5e00000, 0x00000000d9f00000, 0x0000000100000000)
  eden space 33280K, 0% used [0x00000000d5e00000,0x00000000d5e00000,0x00000000d7e80000)
  from space 5120K, 99% used [0x00000000d7e80000,0x00000000d837c768,0x00000000d8380000)
  to   space 5120K, 0% used [0x00000000d8380000,0x00000000d8380000,0x00000000d8880000)
 ParOldGen       total 54272K, used 17748K [0x0000000081a00000, 0x0000000084f00000, 0x00000000d5e00000)
  object space 54272K, 32% used [0x0000000081a00000,0x0000000082b553e8,0x0000000084f00000)
 Metaspace       used 29429K, capacity 29748K, committed 30080K, reserved 1075200K
  class space    used 3791K, capacity 3874K, committed 3968K, reserved 1048576K
}

