# JRE version: Java(TM) SE Runtime Environment (8.0_162-b12) (build 1.8.0_162-b12)
# Java VM: Java HotSpot(TM) 64-Bit Server VM (25.162-b12 mixed mode windows-amd64 compressed oops)
Heap:
 PSYoungGen      total 38400K, used 16656K [0x00000000d5e00000, 0x00000000d8880000, 0x0000000100000000)
  eden space 33280K, 36% used [0x00000000d5e00000,0x00000000d69c1b30,0x00000000d7e80000)
  from space 5120K, 90% used [0x00000000d8380000,0x00000000d8802868,0x00000000d8880000)
  to   space 5120K, 0% used [0x00000000d7e80000,0x00000000d7e80000,0x00000000d8380000)
 ParOldGen       total 45056K, used 7624K [0x0000000081a00000, 0x0000000084600000, 0x00000000d5e00000)
  object space 45056K, 16% used [0x0000000081a00000,0x0000000082172018,0x0000000084600000)
 Metaspace       used 27248K, capacity 27548K, committed 27776K, reserved 1073152K
  class space    used 3517K, capacity 3606K, committed 3712K, reserved 1048576K
GC Heap History (10 events):
Event: 22.958 GC heap before
{Heap before GC invocations=1 (full 0):
 PSYoungGen      total 38400K, used 33278K [0x00000000d5e00000, 0x00000000d8880000, 0x0000000100000000)
  eden space 33280K, 99% used [0x00000000d5e00000,0x00000000d7e7f868,0x00000000d7e80000)
  from space 5120K, 0% used [0x00000000d8380000,0x00000000d8380000,0x00000000d8880000)
  to   space 5120K, 0% used [0x00000000d7e80000,0x00000000d7e80000,0x00000000d8380000)
 ParOldGen       total 87552K, used 0K [0x0000000081a00000, 0x0000000086f80000, 0x00000000d5e00000)
  object space 87552K, 0% used [0x0000000081a00000,0x0000000081a00000,0x0000000086f80000)
 Metaspace       used 11280K, capacity 11490K, committed 11776K, reserved 1058816K
  class space    used 1398K, capacity 1483K, committed 1536K, reserved 1048576K
Event: 22.968 GC heap after
Heap after GC invocations=1 (full 0):
 PSYoungGen      total 38400K, used 4316K [0x00000000d5e00000, 0x00000000d8880000, 0x0000000100000000)
  eden space 33280K, 0% used [0x00000000d5e00000,0x00000000d5e00000,0x00000000d7e80000)
  from space 5120K, 84% used [0x00000000d7e80000,0x00000000d82b7110,0x00000000d8380000)
  to   space 5120K, 0% used [0x00000000d8380000,0x00000000d8380000,0x00000000d8880000)
 ParOldGen       total 87552K, used 16K [0x0000000081a00000, 0x0000000086f80000, 0x00000000d5e00000)
  object space 87552K, 0% used [0x0000000081a00000,0x0000000081a04000,0x0000000086f80000)
 Metaspace       used 11280K, capacity 11490K, committed 11776K, reserved 1058816K
  class space    used 1398K, capacity 1483K, committed 1536K, reserved 1048576K
}
Event: 31.064 GC heap before
{Heap before GC invocations=2 (full 0):
 PSYoungGen      total 38400K, used 37596K [0x00000000d5e00000, 0x00000000d8880000, 0x0000000100000000)
  eden space 33280K, 100% used [0x00000000d5e00000,0x00000000d7e80000,0x00000000d7e80000)
  from space 5120K, 84% used [0x00000000d7e80000,0x00000000d82b7110,0x00000000d8380000)
  to   space 5120K, 0% used [0x00000000d8380000,0x00000000d8380000,0x00000000d8880000)
 ParOldGen       total 87552K, used 16K [0x0000000081a00000, 0x0000000086f80000, 0x00000000d5e00000)
  object space 87552K, 0% used [0x0000000081a00000,0x0000000081a04000,0x0000000086f80000)
 Metaspace       used 18024K, capacity 18292K, committed 18560K, reserved 1064960K
  class space    used 2281K, capacity 2384K, committed 2432K, reserved 1048576K
Event: 31.070 GC heap after
Heap after GC invocations=2 (full 0):
 PSYoungGen      total 38400K, used 5102K [0x00000000d5e00000, 0x00000000d8880000, 0x0000000100000000)
  eden space 33280K, 0% used [0x00000000d5e00000,0x00000000d5e00000,0x00000000d7e80000)
  from space 5120K, 99% used [0x00000000d8380000,0x00000000d887b938,0x00000000d8880000)
  to   space 5120K, 0% used [0x00000000d7e80000,0x00000000d7e80000,0x00000000d8380000)
 ParOldGen       total 87552K, used 3458K [0x0000000081a00000, 0x0000000086f80000, 0x00000000d5e00000)
  object space 87552K, 3% used [0x0000000081a00000,0x0000000081d60ae0,0x0000000086f80000)
 Metaspace       used 18024K, capacity 18292K, committed 18560K, reserved 1064960K
  class space    used 2281K, capacity 2384K, committed 2432K, reserved 1048576K
}
Event: 32.096 GC heap before
{Heap before GC invocations=3 (full 0):
 PSYoungGen      total 38400K, used 19808K [0x00000000d5e00000, 0x00000000d8880000, 0x0000000100000000)
  eden space 33280K, 44% used [0x00000000d5e00000,0x00000000d6c5c928,0x00000000d7e80000)
  from space 5120K, 99% used [0x00000000d8380000,0x00000000d887b938,0x00000000d8880000)
  to   space 5120K, 0% used [0x00000000d7e80000,0x00000000d7e80000,0x00000000d8380000)
 ParOldGen       total 87552K, used 3458K [0x0000000081a00000, 0x0000000086f80000, 0x00000000d5e00000)
  object space 87552K, 3% used [0x0000000081a00000,0x0000000081d60ae0,0x0000000086f80000)
 Metaspace       used 20906K, capacity 21140K, committed 21248K, reserved 1067008K
  class space    used 2669K, capacity 2736K, committed 2816K, reserved 1048576K
Event: 32.101 GC heap after
Heap after GC invocations=3 (full 0):
 PSYoungGen      total 38400K, used 5118K [0x00000000d5e00000, 0x00000000d8880000, 0x0000000100000000)
  eden space 33280K, 0% used [0x00000000d5e00000,0x00000000d5e00000,0x00000000d7e80000)
  from space 5120K, 99% used [0x00000000d7e80000,0x00000000d837f998,0x00000000d8380000)
  to   space 5120K, 0% used [0x00000000d8380000,0x00000000d8380000,0x00000000d8880000)
 ParOldGen       total 87552K, used 5881K [0x0000000081a00000, 0x0000000086f80000, 0x00000000d5e00000)
  object space 87552K, 6% used [0x0000000081a00000,0x0000000081fbe708,0x0000000086f80000)
 Metaspace       used 20906K, capacity 21140K, committed 21248K, reserved 1067008K
  class space    used 2669K, capacity 2736K, committed 2816K, reserved 1048576K
}
Event: 32.101 GC heap before
{Heap before GC invocations=4 (full 1):
 PSYoungGen      total 38400K, used 5118K [0x00000000d5e00000, 0x00000000d8880000, 0x0000000100000000)
  eden space 33280K, 0% used [0x00000000d5e00000,0x00000000d5e00000,0x00000000d7e80000)
  from space 5120K, 99% used [0x00000000d7e80000,0x00000000d837f998,0x00000000d8380000)
  to   space 5120K, 0% used [0x00000000d8380000,0x00000000d8380000,0x00000000d8880000)
 ParOldGen       total 87552K, used 5881K [0x0000000081a00000, 0x0000000086f80000, 0x00000000d5e00000)
  object space 87552K, 6% used [0x0000000081a00000,0x0000000081fbe708,0x0000000086f80000)
 Metaspace       used 20906K, capacity 21140K, committed 21248K, reserved 1067008K
  class space    used 2669K, capacity 2736K, committed 2816K, reserved 1048576K
Event: 32.123 GC heap after
Heap after GC invocations=4 (full 1):
 PSYoungGen      total 38400K, used 0K [0x00000000d5e00000, 0x00000000d8880000, 0x0000000100000000)
  eden space 33280K, 0% used [0x00000000d5e00000,0x00000000d5e00000,0x00000000d7e80000)
  from space 5120K, 0% used [0x00000000d7e80000,0x00000000d7e80000,0x00000000d8380000)
  to   space 5120K, 0% used [0x00000000d8380000,0x00000000d8380000,0x00000000d8880000)
 ParOldGen       total 45056K, used 7616K [0x0000000081a00000, 0x0000000084600000, 0x00000000d5e00000)
  object space 45056K, 16% used [0x0000000081a00000,0x0000000082170018,0x0000000084600000)
 Metaspace       used 20906K, capacity 21140K, committed 21248K, reserved 1067008K
  class space    used 2669K, capacity 2736K, committed 2816K, reserved 1048576K
}
Event: 37.235 GC heap before
{Heap before GC invocations=5 (full 1):
 PSYoungGen      total 38400K, used 33280K [0x00000000d5e00000, 0x00000000d8880000, 0x0000000100000000)
  eden space 33280K, 100% used [0x00000000d5e00000,0x00000000d7e80000,0x00000000d7e80000)
  from space 5120K, 0% used [0x00000000d7e80000,0x00000000d7e80000,0x00000000d8380000)
  to   space 5120K, 0% used [0x00000000d8380000,0x00000000d8380000,0x00000000d8880000)
 ParOldGen       total 45056K, used 7616K [0x0000000081a00000, 0x0000000084600000, 0x00000000d5e00000)
  object space 45056K, 16% used [0x0000000081a00000,0x0000000082170018,0x0000000084600000)
 Metaspace       used 25553K, capacity 25818K, committed 26112K, reserved 1073152K
  class space    used 3253K, capacity 3313K, committed 3328K, reserved 1048576K
Event: 37.239 GC heap after
Heap after GC invocations=5 (full 1):
 PSYoungGen      total 38400K, used 4618K [0x00000000d5e00000, 0x00000000d8880000, 0x0000000100000000)
  eden space 33280K, 0% used [0x00000000d5e00000,0x00000000d5e00000,0x00000000d7e80000)
  from space 5120K, 90% used [0x00000000d8380000,0x00000000d8802868,0x00000000d8880000)
  to   space 5120K, 0% used [0x00000000d7e80000,0x00000000d7e80000,0x00000000d8380000)
 ParOldGen       total 45056K, used 7624K [0x0000000081a00000, 0x0000000084600000, 0x00000000d5e00000)
  object space 45056K, 16% used [0x0000000081a00000,0x0000000082172018,0x0000000084600000)
 Metaspace       used 25553K, capacity 25818K, committed 26112K, reserved 1073152K
  class space    used 3253K, capacity 3313K, committed 3328K, reserved 1048576K
}

