# JRE version: Java(TM) SE Runtime Environment (8.0_162-b12) (build 1.8.0_162-b12)
# Java VM: Java HotSpot(TM) 64-Bit Server VM (25.162-b12 mixed mode windows-amd64 compressed oops)
Heap:
 PSYoungGen      total 38400K, used 17420K [0x00000000d5e00000, 0x00000000d8880000, 0x0000000100000000)
  eden space 33280K, 36% used [0x00000000d5e00000,0x00000000d6a040b0,0x00000000d7e80000)
  from space 5120K, 99% used [0x00000000d8380000,0x00000000d887efc8,0x00000000d8880000)
  to   space 5120K, 0% used [0x00000000d7e80000,0x00000000d7e80000,0x00000000d8380000)
 ParOldGen       total 56832K, used 18704K [0x0000000081a00000, 0x0000000085180000, 0x00000000d5e00000)
  object space 56832K, 32% used [0x0000000081a00000,0x0000000082c44028,0x0000000085180000)
 Metaspace       used 34644K, capacity 35104K, committed 35328K, reserved 1079296K
  class space    used 4443K, capacity 4567K, committed 4608K, reserved 1048576K
GC Heap History (10 events):
Event: 1.494 GC heap before
{Heap before GC invocations=3 (full 0):
 PSYoungGen      total 38400K, used 38389K [0x00000000d5e00000, 0x00000000d8880000, 0x0000000100000000)
  eden space 33280K, 100% used [0x00000000d5e00000,0x00000000d7e80000,0x00000000d7e80000)
  from space 5120K, 99% used [0x00000000d8380000,0x00000000d887d6e8,0x00000000d8880000)
  to   space 5120K, 0% used [0x00000000d7e80000,0x00000000d7e80000,0x00000000d8380000)
 ParOldGen       total 87552K, used 2736K [0x0000000081a00000, 0x0000000086f80000, 0x00000000d5e00000)
  object space 87552K, 3% used [0x0000000081a00000,0x0000000081cac0c0,0x0000000086f80000)
 Metaspace       used 19221K, capacity 19494K, committed 19712K, reserved 1067008K
  class space    used 2397K, capacity 2485K, committed 2560K, reserved 1048576K
Event: 1.500 GC heap after
Heap after GC invocations=3 (full 0):
 PSYoungGen      total 38400K, used 5099K [0x00000000d5e00000, 0x00000000d8880000, 0x0000000100000000)
  eden space 33280K, 0% used [0x00000000d5e00000,0x00000000d5e00000,0x00000000d7e80000)
  from space 5120K, 99% used [0x00000000d7e80000,0x00000000d837acd8,0x00000000d8380000)
  to   space 5120K, 0% used [0x00000000d8380000,0x00000000d8380000,0x00000000d8880000)
 ParOldGen       total 87552K, used 5974K [0x0000000081a00000, 0x0000000086f80000, 0x00000000d5e00000)
  object space 87552K, 6% used [0x0000000081a00000,0x0000000081fd5b38,0x0000000086f80000)
 Metaspace       used 19221K, capacity 19494K, committed 19712K, reserved 1067008K
  class space    used 2397K, capacity 2485K, committed 2560K, reserved 1048576K
}
Event: 1.570 GC heap before
{Heap before GC invocations=4 (full 0):
 PSYoungGen      total 38400K, used 13002K [0x00000000d5e00000, 0x00000000d8880000, 0x0000000100000000)
  eden space 33280K, 23% used [0x00000000d5e00000,0x00000000d65b7c10,0x00000000d7e80000)
  from space 5120K, 99% used [0x00000000d7e80000,0x00000000d837acd8,0x00000000d8380000)
  to   space 5120K, 0% used [0x00000000d8380000,0x00000000d8380000,0x00000000d8880000)
 ParOldGen       total 87552K, used 5974K [0x0000000081a00000, 0x0000000086f80000, 0x00000000d5e00000)
  object space 87552K, 6% used [0x0000000081a00000,0x0000000081fd5b38,0x0000000086f80000)
 Metaspace       used 20911K, capacity 21112K, committed 21296K, reserved 1069056K
  class space    used 2618K, capacity 2686K, committed 2688K, reserved 1048576K
Event: 1.574 GC heap after
Heap after GC invocations=4 (full 0):
 PSYoungGen      total 38400K, used 5115K [0x00000000d5e00000, 0x00000000d8880000, 0x0000000100000000)
  eden space 33280K, 0% used [0x00000000d5e00000,0x00000000d5e00000,0x00000000d7e80000)
  from space 5120K, 99% used [0x00000000d8380000,0x00000000d887eca8,0x00000000d8880000)
  to   space 5120K, 0% used [0x00000000d7e80000,0x00000000d7e80000,0x00000000d8380000)
 ParOldGen       total 87552K, used 6779K [0x0000000081a00000, 0x0000000086f80000, 0x00000000d5e00000)
  object space 87552K, 7% used [0x0000000081a00000,0x000000008209ec58,0x0000000086f80000)
 Metaspace       used 20911K, capacity 21112K, committed 21296K, reserved 1069056K
  class space    used 2618K, capacity 2686K, committed 2688K, reserved 1048576K
}
Event: 1.574 GC heap before
{Heap before GC invocations=5 (full 1):
 PSYoungGen      total 38400K, used 5115K [0x00000000d5e00000, 0x00000000d8880000, 0x0000000100000000)
  eden space 33280K, 0% used [0x00000000d5e00000,0x00000000d5e00000,0x00000000d7e80000)
  from space 5120K, 99% used [0x00000000d8380000,0x00000000d887eca8,0x00000000d8880000)
  to   space 5120K, 0% used [0x00000000d7e80000,0x00000000d7e80000,0x00000000d8380000)
 ParOldGen       total 87552K, used 6779K [0x0000000081a00000, 0x0000000086f80000, 0x00000000d5e00000)
  object space 87552K, 7% used [0x0000000081a00000,0x000000008209ec58,0x0000000086f80000)
 Metaspace       used 20911K, capacity 21112K, committed 21296K, reserved 1069056K
  class space    used 2618K, capacity 2686K, committed 2688K, reserved 1048576K
Event: 1.594 GC heap after
Heap after GC invocations=5 (full 1):
 PSYoungGen      total 38400K, used 0K [0x00000000d5e00000, 0x00000000d8880000, 0x0000000100000000)
  eden space 33280K, 0% used [0x00000000d5e00000,0x00000000d5e00000,0x00000000d7e80000)
  from space 5120K, 0% used [0x00000000d8380000,0x00000000d8380000,0x00000000d8880000)
  to   space 5120K, 0% used [0x00000000d7e80000,0x00000000d7e80000,0x00000000d8380000)
 ParOldGen       total 56832K, used 5920K [0x0000000081a00000, 0x0000000085180000, 0x00000000d5e00000)
  object space 56832K, 10% used [0x0000000081a00000,0x0000000081fc81e0,0x0000000085180000)
 Metaspace       used 20911K, capacity 21112K, committed 21296K, reserved 1069056K
  class space    used 2618K, capacity 2686K, committed 2688K, reserved 1048576K
}
Event: 9.170 GC heap before
{Heap before GC invocations=6 (full 1):
 PSYoungGen      total 38400K, used 33280K [0x00000000d5e00000, 0x00000000d8880000, 0x0000000100000000)
  eden space 33280K, 100% used [0x00000000d5e00000,0x00000000d7e80000,0x00000000d7e80000)
  from space 5120K, 0% used [0x00000000d8380000,0x00000000d8380000,0x00000000d8880000)
  to   space 5120K, 0% used [0x00000000d7e80000,0x00000000d7e80000,0x00000000d8380000)
 ParOldGen       total 56832K, used 5920K [0x0000000081a00000, 0x0000000085180000, 0x00000000d5e00000)
  object space 56832K, 10% used [0x0000000081a00000,0x0000000081fc81e0,0x0000000085180000)
 Metaspace       used 29087K, capacity 29432K, committed 29824K, reserved 1075200K
  class space    used 3772K, capacity 3877K, committed 3968K, reserved 1048576K
Event: 9.175 GC heap after
Heap after GC invocations=6 (full 1):
 PSYoungGen      total 38400K, used 3745K [0x00000000d5e00000, 0x00000000d8880000, 0x0000000100000000)
  eden space 33280K, 0% used [0x00000000d5e00000,0x00000000d5e00000,0x00000000d7e80000)
  from space 5120K, 73% used [0x00000000d7e80000,0x00000000d8228410,0x00000000d8380000)
  to   space 5120K, 0% used [0x00000000d8380000,0x00000000d8380000,0x00000000d8880000)
 ParOldGen       total 56832K, used 17214K [0x0000000081a00000, 0x0000000085180000, 0x00000000d5e00000)
  object space 56832K, 30% used [0x0000000081a00000,0x0000000082acf818,0x0000000085180000)
 Metaspace       used 29087K, capacity 29432K, committed 29824K, reserved 1075200K
  class space    used 3772K, capacity 3877K, committed 3968K, reserved 1048576K
}
Event: 9.598 GC heap before
{Heap before GC invocations=7 (full 1):
 PSYoungGen      total 38400K, used 37025K [0x00000000d5e00000, 0x00000000d8880000, 0x0000000100000000)
  eden space 33280K, 100% used [0x00000000d5e00000,0x00000000d7e80000,0x00000000d7e80000)
  from space 5120K, 73% used [0x00000000d7e80000,0x00000000d8228410,0x00000000d8380000)
  to   space 5120K, 0% used [0x00000000d8380000,0x00000000d8380000,0x00000000d8880000)
 ParOldGen       total 56832K, used 17214K [0x0000000081a00000, 0x0000000085180000, 0x00000000d5e00000)
  object space 56832K, 30% used [0x0000000081a00000,0x0000000082acf818,0x0000000085180000)
 Metaspace       used 32527K, capacity 32946K, committed 33280K, reserved 1079296K
  class space    used 4186K, capacity 4299K, committed 4352K, reserved 1048576K
Event: 9.603 GC heap after
Heap after GC invocations=7 (full 1):
 PSYoungGen      total 38400K, used 5115K [0x00000000d5e00000, 0x00000000d8880000, 0x0000000100000000)
  eden space 33280K, 0% used [0x00000000d5e00000,0x00000000d5e00000,0x00000000d7e80000)
  from space 5120K, 99% used [0x00000000d8380000,0x00000000d887efc8,0x00000000d8880000)
  to   space 5120K, 0% used [0x00000000d7e80000,0x00000000d7e80000,0x00000000d8380000)
 ParOldGen       total 56832K, used 18704K [0x0000000081a00000, 0x0000000085180000, 0x00000000d5e00000)
  object space 56832K, 32% used [0x0000000081a00000,0x0000000082c44028,0x0000000085180000)
 Metaspace       used 32527K, capacity 32946K, committed 33280K, reserved 1079296K
  class space    used 4186K, capacity 4299K, committed 4352K, reserved 1048576K
}

