# JRE version: Java(TM) SE Runtime Environment (8.0_162-b12) (build 1.8.0_162-b12)
# Java VM: Java HotSpot(TM) 64-Bit Server VM (25.162-b12 mixed mode windows-amd64 compressed oops)
Heap:
 PSYoungGen      total 38400K, used 20183K [0x00000000d5e00000, 0x00000000db100000, 0x0000000100000000)
  eden space 33280K, 45% used [0x00000000d5e00000,0x00000000d6cba240,0x00000000d7e80000)
  from space 5120K, 99% used [0x00000000d7e80000,0x00000000d837ba90,0x00000000d8380000)
  to   space 17408K, 0% used [0x00000000da000000,0x00000000da000000,0x00000000db100000)
 ParOldGen       total 57856K, used 18697K [0x0000000081a00000, 0x0000000085280000, 0x00000000d5e00000)
  object space 57856K, 32% used [0x0000000081a00000,0x0000000082c42738,0x0000000085280000)
 Metaspace       used 30441K, capacity 30856K, committed 31232K, reserved 1077248K
  class space    used 3913K, capacity 4008K, committed 4096K, reserved 1048576K
GC Heap History (10 events):
Event: 0.888 GC heap before
{Heap before GC invocations=2 (full 0):
 PSYoungGen      total 38400K, used 36130K [0x00000000d5e00000, 0x00000000d8880000, 0x0000000100000000)
  eden space 33280K, 100% used [0x00000000d5e00000,0x00000000d7e80000,0x00000000d7e80000)
  from space 5120K, 55% used [0x00000000d7e80000,0x00000000d8148a30,0x00000000d8380000)
  to   space 5120K, 0% used [0x00000000d8380000,0x00000000d8380000,0x00000000d8880000)
 ParOldGen       total 87552K, used 8K [0x0000000081a00000, 0x0000000086f80000, 0x00000000d5e00000)
  object space 87552K, 0% used [0x0000000081a00000,0x0000000081a02000,0x0000000086f80000)
 Metaspace       used 13679K, capacity 13826K, committed 14080K, reserved 1060864K
  class space    used 1708K, capacity 1749K, committed 1792K, reserved 1048576K
Event: 0.893 GC heap after
Heap after GC invocations=2 (full 0):
 PSYoungGen      total 38400K, used 5108K [0x00000000d5e00000, 0x00000000d8880000, 0x0000000100000000)
  eden space 33280K, 0% used [0x00000000d5e00000,0x00000000d5e00000,0x00000000d7e80000)
  from space 5120K, 99% used [0x00000000d8380000,0x00000000d887d030,0x00000000d8880000)
  to   space 5120K, 0% used [0x00000000d7e80000,0x00000000d7e80000,0x00000000d8380000)
 ParOldGen       total 87552K, used 2683K [0x0000000081a00000, 0x0000000086f80000, 0x00000000d5e00000)
  object space 87552K, 3% used [0x0000000081a00000,0x0000000081c9ee80,0x0000000086f80000)
 Metaspace       used 13679K, capacity 13826K, committed 14080K, reserved 1060864K
  class space    used 1708K, capacity 1749K, committed 1792K, reserved 1048576K
}
Event: 1.445 GC heap before
{Heap before GC invocations=3 (full 0):
 PSYoungGen      total 38400K, used 38388K [0x00000000d5e00000, 0x00000000d8880000, 0x0000000100000000)
  eden space 33280K, 100% used [0x00000000d5e00000,0x00000000d7e80000,0x00000000d7e80000)
  from space 5120K, 99% used [0x00000000d8380000,0x00000000d887d030,0x00000000d8880000)
  to   space 5120K, 0% used [0x00000000d7e80000,0x00000000d7e80000,0x00000000d8380000)
 ParOldGen       total 87552K, used 2683K [0x0000000081a00000, 0x0000000086f80000, 0x00000000d5e00000)
  object space 87552K, 3% used [0x0000000081a00000,0x0000000081c9ee80,0x0000000086f80000)
 Metaspace       used 19261K, capacity 19430K, committed 19712K, reserved 1067008K
  class space    used 2399K, capacity 2485K, committed 2560K, reserved 1048576K
Event: 1.450 GC heap after
Heap after GC invocations=3 (full 0):
 PSYoungGen      total 38400K, used 5090K [0x00000000d5e00000, 0x00000000d8880000, 0x0000000100000000)
  eden space 33280K, 0% used [0x00000000d5e00000,0x00000000d5e00000,0x00000000d7e80000)
  from space 5120K, 99% used [0x00000000d7e80000,0x00000000d8378848,0x00000000d8380000)
  to   space 5120K, 0% used [0x00000000d8380000,0x00000000d8380000,0x00000000d8880000)
 ParOldGen       total 87552K, used 5933K [0x0000000081a00000, 0x0000000086f80000, 0x00000000d5e00000)
  object space 87552K, 6% used [0x0000000081a00000,0x0000000081fcb778,0x0000000086f80000)
 Metaspace       used 19261K, capacity 19430K, committed 19712K, reserved 1067008K
  class space    used 2399K, capacity 2485K, committed 2560K, reserved 1048576K
}
Event: 1.527 GC heap before
{Heap before GC invocations=4 (full 0):
 PSYoungGen      total 38400K, used 12575K [0x00000000d5e00000, 0x00000000d8880000, 0x0000000100000000)
  eden space 33280K, 22% used [0x00000000d5e00000,0x00000000d654f4a0,0x00000000d7e80000)
  from space 5120K, 99% used [0x00000000d7e80000,0x00000000d8378848,0x00000000d8380000)
  to   space 5120K, 0% used [0x00000000d8380000,0x00000000d8380000,0x00000000d8880000)
 ParOldGen       total 87552K, used 5933K [0x0000000081a00000, 0x0000000086f80000, 0x00000000d5e00000)
  object space 87552K, 6% used [0x0000000081a00000,0x0000000081fcb778,0x0000000086f80000)
 Metaspace       used 20917K, capacity 21112K, committed 21296K, reserved 1069056K
  class space    used 2616K, capacity 2686K, committed 2688K, reserved 1048576K
Event: 1.533 GC heap after
Heap after GC invocations=4 (full 0):
 PSYoungGen      total 38400K, used 5107K [0x00000000d5e00000, 0x00000000da900000, 0x0000000100000000)
  eden space 33280K, 0% used [0x00000000d5e00000,0x00000000d5e00000,0x00000000d7e80000)
  from space 5120K, 99% used [0x00000000d8380000,0x00000000d887cca8,0x00000000d8880000)
  to   space 5120K, 0% used [0x00000000d7e80000,0x00000000d7e80000,0x00000000d8380000)
 ParOldGen       total 87552K, used 6744K [0x0000000081a00000, 0x0000000086f80000, 0x00000000d5e00000)
  object space 87552K, 7% used [0x0000000081a00000,0x0000000082096278,0x0000000086f80000)
 Metaspace       used 20917K, capacity 21112K, committed 21296K, reserved 1069056K
  class space    used 2616K, capacity 2686K, committed 2688K, reserved 1048576K
}
Event: 1.533 GC heap before
{Heap before GC invocations=5 (full 1):
 PSYoungGen      total 38400K, used 5107K [0x00000000d5e00000, 0x00000000da900000, 0x0000000100000000)
  eden space 33280K, 0% used [0x00000000d5e00000,0x00000000d5e00000,0x00000000d7e80000)
  from space 5120K, 99% used [0x00000000d8380000,0x00000000d887cca8,0x00000000d8880000)
  to   space 5120K, 0% used [0x00000000d7e80000,0x00000000d7e80000,0x00000000d8380000)
 ParOldGen       total 87552K, used 6744K [0x0000000081a00000, 0x0000000086f80000, 0x00000000d5e00000)
  object space 87552K, 7% used [0x0000000081a00000,0x0000000082096278,0x0000000086f80000)
 Metaspace       used 20917K, capacity 21112K, committed 21296K, reserved 1069056K
  class space    used 2616K, capacity 2686K, committed 2688K, reserved 1048576K
Event: 1.557 GC heap after
Heap after GC invocations=5 (full 1):
 PSYoungGen      total 38400K, used 0K [0x00000000d5e00000, 0x00000000da900000, 0x0000000100000000)
  eden space 33280K, 0% used [0x00000000d5e00000,0x00000000d5e00000,0x00000000d7e80000)
  from space 5120K, 0% used [0x00000000d8380000,0x00000000d8380000,0x00000000d8880000)
  to   space 5120K, 0% used [0x00000000d7e80000,0x00000000d7e80000,0x00000000d8380000)
 ParOldGen       total 57856K, used 5885K [0x0000000081a00000, 0x0000000085280000, 0x00000000d5e00000)
  object space 57856K, 10% used [0x0000000081a00000,0x0000000081fbf690,0x0000000085280000)
 Metaspace       used 20917K, capacity 21112K, committed 21296K, reserved 1069056K
  class space    used 2616K, capacity 2686K, committed 2688K, reserved 1048576K
}
Event: 12.375 GC heap before
{Heap before GC invocations=6 (full 1):
 PSYoungGen      total 38400K, used 33280K [0x00000000d5e00000, 0x00000000da900000, 0x0000000100000000)
  eden space 33280K, 100% used [0x00000000d5e00000,0x00000000d7e80000,0x00000000d7e80000)
  from space 5120K, 0% used [0x00000000d8380000,0x00000000d8380000,0x00000000d8880000)
  to   space 5120K, 0% used [0x00000000d7e80000,0x00000000d7e80000,0x00000000d8380000)
 ParOldGen       total 57856K, used 5885K [0x0000000081a00000, 0x0000000085280000, 0x00000000d5e00000)
  object space 57856K, 10% used [0x0000000081a00000,0x0000000081fbf690,0x0000000085280000)
 Metaspace       used 29171K, capacity 29518K, committed 29824K, reserved 1075200K
  class space    used 3748K, capacity 3842K, committed 3968K, reserved 1048576K
Event: 12.380 GC heap after
Heap after GC invocations=6 (full 1):
 PSYoungGen      total 38400K, used 5102K [0x00000000d5e00000, 0x00000000db100000, 0x0000000100000000)
  eden space 33280K, 0% used [0x00000000d5e00000,0x00000000d5e00000,0x00000000d7e80000)
  from space 5120K, 99% used [0x00000000d7e80000,0x00000000d837ba90,0x00000000d8380000)
  to   space 17408K, 0% used [0x00000000da000000,0x00000000da000000,0x00000000db100000)
 ParOldGen       total 57856K, used 18697K [0x0000000081a00000, 0x0000000085280000, 0x00000000d5e00000)
  object space 57856K, 32% used [0x0000000081a00000,0x0000000082c42738,0x0000000085280000)
 Metaspace       used 29171K, capacity 29518K, committed 29824K, reserved 1075200K
  class space    used 3748K, capacity 3842K, committed 3968K, reserved 1048576K
}

